<?xml version="1.0" encoding="UTF-8"?>
<coverage generated="1639297508970" clover="3.2.0">
  <project timestamp="1639297508970" name="All files">
    <metrics statements="101" coveredstatements="101" conditionals="94" coveredconditionals="82" methods="24" coveredmethods="24" elements="219" coveredelements="207" complexity="0" loc="101" ncloc="101" packages="3" files="5" classes="5"/>
    <package name="src">
      <metrics statements="40" coveredstatements="40" conditionals="15" coveredconditionals="15" methods="17" coveredmethods="17"/>
      <file name="stores.ts" path="/Users/johan/projets/draughts/src/stores.ts">
        <metrics statements="40" coveredstatements="40" conditionals="15" coveredconditionals="15" methods="17" coveredmethods="17"/>
        <line num="1" count="3" type="stmt"/>
        <line num="2" count="3" type="stmt"/>
        <line num="5" count="3" type="stmt"/>
        <line num="7" count="3" type="stmt"/>
        <line num="8" count="3" type="stmt"/>
        <line num="9" count="4" type="cond" truecount="2" falsecount="0"/>
        <line num="11" count="3" type="stmt"/>
        <line num="19" count="3" type="stmt"/>
        <line num="21" count="3" type="stmt"/>
        <line num="24" count="3" type="stmt"/>
        <line num="27" count="3" type="stmt"/>
        <line num="28" count="16" type="stmt"/>
        <line num="29" count="160" type="stmt"/>
        <line num="30" count="1600" type="cond" truecount="1" falsecount="0"/>
        <line num="31" count="800" type="cond" truecount="1" falsecount="0"/>
        <line num="32" count="240" type="stmt"/>
        <line num="36" count="560" type="cond" truecount="1" falsecount="0"/>
        <line num="37" count="240" type="stmt"/>
        <line num="41" count="320" type="stmt"/>
        <line num="45" count="3" type="stmt"/>
        <line num="46" count="3" type="stmt"/>
        <line num="47" count="13" type="stmt"/>
        <line num="48" count="3" type="stmt"/>
        <line num="49" count="6" type="stmt"/>
        <line num="50" count="6" type="stmt"/>
        <line num="52" count="6" type="stmt"/>
        <line num="53" count="60" type="cond" truecount="1" falsecount="0"/>
        <line num="54" count="6" type="stmt"/>
        <line num="55" count="60" type="cond" truecount="2" falsecount="0"/>
        <line num="57" count="54" type="cond" truecount="1" falsecount="0"/>
        <line num="58" count="6" type="stmt"/>
        <line num="59" count="60" type="cond" truecount="2" falsecount="0"/>
        <line num="61" count="48" type="stmt"/>
        <line num="65" count="3" type="stmt"/>
        <line num="66" count="4" type="stmt"/>
        <line num="67" count="4" type="stmt"/>
        <line num="68" count="40" type="cond" truecount="2" falsecount="0"/>
        <line num="70" count="40" type="cond" truecount="2" falsecount="0"/>
        <line num="76" count="3" type="stmt"/>
        <line num="86" count="3" type="stmt"/>
      </file>
    </package>
    <package name="src.components">
      <metrics statements="42" coveredstatements="42" conditionals="30" coveredconditionals="23" methods="4" coveredmethods="4"/>
      <file name="Box.svelte" path="/Users/johan/projets/draughts/src/components/Box.svelte">
        <metrics statements="34" coveredstatements="34" conditionals="27" coveredconditionals="23" methods="4" coveredmethods="4"/>
        <line num="2" count="2" type="stmt"/>
        <line num="4" count="2" type="stmt"/>
        <line num="13" count="110" type="stmt"/>
        <line num="14" count="110" type="stmt"/>
        <line num="20" count="110" type="stmt"/>
        <line num="23" count="134" type="stmt"/>
        <line num="27" count="193" type="stmt"/>
        <line num="31" count="157" type="stmt"/>
        <line num="35" count="186" type="stmt"/>
        <line num="39" count="256" type="cond" truecount="2" falsecount="0"/>
        <line num="42" count="244" type="stmt"/>
        <line num="46" count="4" type="cond" truecount="0" falsecount="1"/>
        <line num="47" count="4" type="cond" truecount="1" falsecount="1"/>
        <line num="48" count="4" type="stmt"/>
        <line num="55" count="11" type="cond" truecount="2" falsecount="0"/>
        <line num="57" count="3" type="stmt"/>
        <line num="59" count="2" type="stmt"/>
        <line num="63" count="2" type="stmt"/>
        <line num="65" count="1" type="stmt"/>
        <line num="66" count="1" type="stmt"/>
        <line num="67" count="1" type="stmt"/>
        <line num="71" count="2" type="stmt"/>
        <line num="72" count="2" type="stmt"/>
        <line num="73" count="2" type="stmt"/>
        <line num="79" count="278" type="cond" truecount="2" falsecount="0"/>
        <line num="84" count="110" type="stmt"/>
        <line num="85" count="110" type="cond" truecount="1" falsecount="1"/>
        <line num="86" count="110" type="cond" truecount="4" falsecount="0"/>
        <line num="87" count="118" type="stmt"/>
        <line num="89" count="110" type="cond" truecount="2" falsecount="0"/>
        <line num="90" count="39" type="stmt"/>
        <line num="91" count="39" type="cond" truecount="1" falsecount="1"/>
        <line num="92" count="39" type="cond" truecount="4" falsecount="0"/>
        <line num="93" count="115" type="stmt"/>
      </file>
      <file name="Grid.svelte" path="/Users/johan/projets/draughts/src/components/Grid.svelte">
        <metrics statements="8" coveredstatements="8" conditionals="3" coveredconditionals="0" methods="0" coveredmethods="0"/>
        <line num="2" count="1" type="stmt"/>
        <line num="4" count="1" type="stmt"/>
        <line num="9" count="1" type="stmt"/>
        <line num="13" count="1" type="stmt"/>
        <line num="14" count="1" type="stmt"/>
        <line num="15" count="10" type="stmt"/>
        <line num="16" count="10" type="stmt"/>
        <line num="17" count="100" type="cond" truecount="0" falsecount="3"/>
      </file>
    </package>
    <package name="src.helpers">
      <metrics statements="19" coveredstatements="19" conditionals="49" coveredconditionals="44" methods="3" coveredmethods="3"/>
      <file name="possibilities.ts" path="/Users/johan/projets/draughts/src/helpers/possibilities.ts">
        <metrics statements="18" coveredstatements="18" conditionals="47" coveredconditionals="43" methods="2" coveredmethods="2"/>
        <line num="3" count="2" type="stmt"/>
        <line num="8" count="6" type="cond" truecount="0" falsecount="1"/>
        <line num="10" count="6" type="stmt"/>
        <line num="11" count="6" type="stmt"/>
        <line num="12" count="6" type="cond" truecount="1" falsecount="1"/>
        <line num="13" count="6" type="cond" truecount="1" falsecount="1"/>
        <line num="14" count="6" type="stmt"/>
        <line num="17" count="6" type="cond" truecount="7" falsecount="0"/>
        <line num="25" count="6" type="cond" truecount="7" falsecount="0"/>
        <line num="33" count="6" type="stmt"/>
        <line num="37" count="24" type="cond" truecount="2" falsecount="0"/>
        <line num="38" count="24" type="cond" truecount="2" falsecount="0"/>
        <line num="39" count="24" type="cond" truecount="2" falsecount="0"/>
        <line num="40" count="24" type="cond" truecount="2" falsecount="0"/>
        <line num="41" count="24" type="cond" truecount="1" falsecount="0"/>
        <line num="49" count="22" type="stmt"/>
        <line num="50" count="2" type="stmt"/>
        <line num="53" count="6" type="stmt"/>
      </file>
      <file name="utils.ts" path="/Users/johan/projets/draughts/src/helpers/utils.ts">
        <metrics statements="1" coveredstatements="1" conditionals="2" coveredconditionals="1" methods="1" coveredmethods="1"/>
        <line num="1" count="176" type="cond" truecount="1" falsecount="1"/>
      </file>
    </package>
  </project>
</coverage>
