{"/Users/johan/projets/draughts/src/stores.ts": {"path":"/Users/johan/projets/draughts/src/stores.ts","statementMap":{"0":{"start":{"line":1,"column":0},"end":{"line":1,"column":50}},"1":{"start":{"line":2,"column":0},"end":{"line":2,"column":42}},"2":{"start":{"line":5,"column":28},"end":{"line":17,"column":1}},"3":{"start":{"line":7,"column":4},"end":{"line":7,"column":21}},"4":{"start":{"line":8,"column":17},"end":{"line":9,"column":64}},"5":{"start":{"line":9,"column":4},"end":{"line":9,"column":64}},"6":{"start":{"line":9,"column":24},"end":{"line":9,"column":62}},"7":{"start":{"line":11,"column":2},"end":{"line":16,"column":4}},"8":{"start":{"line":19,"column":13},"end":{"line":19,"column":56}},"9":{"start":{"line":21,"column":13},"end":{"line":22,"column":22}},"10":{"start":{"line":24,"column":13},"end":{"line":25,"column":22}},"11":{"start":{"line":27,"column":24},"end":{"line":42,"column":null}},"12":{"start":{"line":28,"column":2},"end":{"line":42,"column":null}},"13":{"start":{"line":29,"column":4},"end":{"line":42,"column":6}},"14":{"start":{"line":30,"column":6},"end":{"line":30,"column":66}},"15":{"start":{"line":30,"column":35},"end":{"line":30,"column":66}},"16":{"start":{"line":31,"column":6},"end":{"line":35,"column":10}},"17":{"start":{"line":32,"column":8},"end":{"line":35,"column":10}},"18":{"start":{"line":36,"column":6},"end":{"line":40,"column":10}},"19":{"start":{"line":37,"column":8},"end":{"line":40,"column":10}},"20":{"start":{"line":41,"column":6},"end":{"line":41,"column":37}},"21":{"start":{"line":45,"column":20},"end":{"line":84,"column":1}},"22":{"start":{"line":46,"column":37},"end":{"line":46,"column":64}},"23":{"start":{"line":47,"column":16},"end":{"line":47,"column":44}},"24":{"start":{"line":47,"column":22},"end":{"line":47,"column":44}},"25":{"start":{"line":48,"column":20},"end":{"line":63,"column":6}},"26":{"start":{"line":49,"column":4},"end":{"line":63,"column":6}},"27":{"start":{"line":50,"column":20},"end":{"line":50,"column":31}},"28":{"start":{"line":52,"column":6},"end":{"line":62,"column":9}},"29":{"start":{"line":53,"column":8},"end":{"line":56,"column":12}},"30":{"start":{"line":54,"column":10},"end":{"line":56,"column":12}},"31":{"start":{"line":55,"column":12},"end":{"line":55,"column":72}},"32":{"start":{"line":57,"column":8},"end":{"line":60,"column":12}},"33":{"start":{"line":58,"column":10},"end":{"line":60,"column":12}},"34":{"start":{"line":59,"column":12},"end":{"line":59,"column":49}},"35":{"start":{"line":61,"column":8},"end":{"line":61,"column":20}},"36":{"start":{"line":65,"column":22},"end":{"line":74,"column":6}},"37":{"start":{"line":66,"column":4},"end":{"line":74,"column":6}},"38":{"start":{"line":67,"column":6},"end":{"line":73,"column":8}},"39":{"start":{"line":68,"column":8},"end":{"line":72,"column":16}},"40":{"start":{"line":70,"column":14},"end":{"line":70,"column":74}},"41":{"start":{"line":76,"column":2},"end":{"line":83,"column":4}},"42":{"start":{"line":86,"column":13},"end":{"line":86,"column":40}}},"fnMap":{"0":{"name":"(anonymous_0)","decl":{"start":{"line":5,"column":28},"end":{"line":5,"column":31}},"loc":{"start":{"line":5,"column":33},"end":{"line":17,"column":1}}},"1":{"name":"(anonymous_1)","decl":{"start":{"line":8,"column":17},"end":{"line":8,"column":20}},"loc":{"start":{"line":9,"column":4},"end":{"line":9,"column":64}}},"2":{"name":"(anonymous_2)","decl":{"start":{"line":9,"column":11},"end":{"line":9,"column":12}},"loc":{"start":{"line":9,"column":24},"end":{"line":9,"column":62}}},"3":{"name":"(anonymous_3)","decl":{"start":{"line":27,"column":24},"end":{"line":27,"column":27}},"loc":{"start":{"line":28,"column":2},"end":{"line":42,"column":null}}},"4":{"name":"(anonymous_4)","decl":{"start":{"line":28,"column":40},"end":{"line":28,"column":41}},"loc":{"start":{"line":29,"column":4},"end":{"line":42,"column":6}}},"5":{"name":"(anonymous_5)","decl":{"start":{"line":29,"column":50},"end":{"line":29,"column":51}},"loc":{"start":{"line":29,"column":66},"end":{"line":42,"column":5}}},"6":{"name":"(anonymous_6)","decl":{"start":{"line":45,"column":20},"end":{"line":45,"column":23}},"loc":{"start":{"line":45,"column":25},"end":{"line":84,"column":1}}},"7":{"name":"(anonymous_7)","decl":{"start":{"line":47,"column":16},"end":{"line":47,"column":19}},"loc":{"start":{"line":47,"column":22},"end":{"line":47,"column":44}}},"8":{"name":"(anonymous_8)","decl":{"start":{"line":48,"column":20},"end":{"line":48,"column":21}},"loc":{"start":{"line":49,"column":4},"end":{"line":63,"column":6}}},"9":{"name":"(anonymous_9)","decl":{"start":{"line":49,"column":11},"end":{"line":49,"column":12}},"loc":{"start":{"line":49,"column":21},"end":{"line":63,"column":5}}},"10":{"name":"(anonymous_10)","decl":{"start":{"line":52,"column":23},"end":{"line":52,"column":24}},"loc":{"start":{"line":52,"column":43},"end":{"line":62,"column":7}}},"11":{"name":"(anonymous_11)","decl":{"start":{"line":54,"column":26},"end":{"line":54,"column":27}},"loc":{"start":{"line":55,"column":12},"end":{"line":55,"column":72}}},"12":{"name":"(anonymous_12)","decl":{"start":{"line":58,"column":26},"end":{"line":58,"column":27}},"loc":{"start":{"line":59,"column":12},"end":{"line":59,"column":49}}},"13":{"name":"(anonymous_13)","decl":{"start":{"line":65,"column":22},"end":{"line":65,"column":23}},"loc":{"start":{"line":66,"column":4},"end":{"line":74,"column":6}}},"14":{"name":"(anonymous_14)","decl":{"start":{"line":66,"column":11},"end":{"line":66,"column":12}},"loc":{"start":{"line":66,"column":21},"end":{"line":74,"column":5}}},"15":{"name":"(anonymous_15)","decl":{"start":{"line":67,"column":23},"end":{"line":67,"column":24}},"loc":{"start":{"line":68,"column":8},"end":{"line":72,"column":16}}},"16":{"name":"(anonymous_16)","decl":{"start":{"line":69,"column":21},"end":{"line":69,"column":22}},"loc":{"start":{"line":70,"column":14},"end":{"line":70,"column":74}}}},"branchMap":{"0":{"loc":{"start":{"line":9,"column":24},"end":{"line":9,"column":62}},"type":"cond-expr","locations":[{"start":{"line":9,"column":45},"end":{"line":9,"column":52}},{"start":{"line":9,"column":55},"end":{"line":9,"column":62}}]},"1":{"loc":{"start":{"line":30,"column":6},"end":{"line":30,"column":66}},"type":"if","locations":[{"start":{"line":30,"column":6},"end":{"line":30,"column":66}}]},"2":{"loc":{"start":{"line":31,"column":6},"end":{"line":35,"column":10}},"type":"if","locations":[{"start":{"line":31,"column":6},"end":{"line":35,"column":10}}]},"3":{"loc":{"start":{"line":36,"column":6},"end":{"line":40,"column":10}},"type":"if","locations":[{"start":{"line":36,"column":6},"end":{"line":40,"column":10}}]},"4":{"loc":{"start":{"line":53,"column":8},"end":{"line":56,"column":12}},"type":"if","locations":[{"start":{"line":53,"column":8},"end":{"line":56,"column":12}}]},"5":{"loc":{"start":{"line":55,"column":12},"end":{"line":55,"column":72}},"type":"cond-expr","locations":[{"start":{"line":55,"column":31},"end":{"line":55,"column":64}},{"start":{"line":55,"column":66},"end":{"line":55,"column":72}}]},"6":{"loc":{"start":{"line":57,"column":8},"end":{"line":60,"column":12}},"type":"if","locations":[{"start":{"line":57,"column":8},"end":{"line":60,"column":12}}]},"7":{"loc":{"start":{"line":59,"column":12},"end":{"line":59,"column":49}},"type":"cond-expr","locations":[{"start":{"line":59,"column":35},"end":{"line":59,"column":40}},{"start":{"line":59,"column":43},"end":{"line":59,"column":49}}]},"8":{"loc":{"start":{"line":68,"column":8},"end":{"line":72,"column":16}},"type":"cond-expr","locations":[{"start":{"line":69,"column":12},"end":{"line":70,"column":null}},{"start":{"line":72,"column":12},"end":{"line":72,"column":16}}]},"9":{"loc":{"start":{"line":70,"column":14},"end":{"line":70,"column":74}},"type":"cond-expr","locations":[{"start":{"line":70,"column":33},"end":{"line":70,"column":66}},{"start":{"line":70,"column":68},"end":{"line":70,"column":74}}]}},"s":{"0":3,"1":3,"2":3,"3":3,"4":3,"5":4,"6":4,"7":3,"8":3,"9":3,"10":3,"11":3,"12":16,"13":160,"14":1600,"15":800,"16":800,"17":240,"18":560,"19":240,"20":320,"21":3,"22":3,"23":3,"24":13,"25":3,"26":6,"27":6,"28":6,"29":60,"30":6,"31":60,"32":54,"33":6,"34":60,"35":48,"36":3,"37":4,"38":4,"39":40,"40":40,"41":3,"42":3},"f":{"0":3,"1":4,"2":4,"3":16,"4":160,"5":1600,"6":3,"7":13,"8":6,"9":6,"10":60,"11":60,"12":60,"13":4,"14":4,"15":40,"16":40},"b":{"0":[1,3],"1":[800],"2":[240],"3":[240],"4":[6],"5":[6,54],"6":[6],"7":[6,54],"8":[4,36],"9":[4,36]}}
,"/Users/johan/projets/draughts/src/components/Box.svelte": {"path":"/Users/johan/projets/draughts/src/components/Box.svelte","statementMap":{"0":{"start":{"line":2,"column":0},"end":{"line":2,"column":null}},"1":{"start":{"line":4,"column":0},"end":{"line":4,"column":null}},"2":{"start":{"line":91,"column":27},"end":{"line":91,"column":null}},"3":{"start":{"line":92,"column":26},"end":{"line":92,"column":null}},"4":{"start":{"line":90,"column":4},"end":{"line":94,"column":null}},"5":{"start":{"line":89,"column":7},"end":{"line":89,"column":null}},"6":{"start":{"line":85,"column":22},"end":{"line":85,"column":null}},"7":{"start":{"line":86,"column":15},"end":{"line":86,"column":null}},"8":{"start":{"line":84,"column":0},"end":{"line":96,"column":null}},"9":{"start":{"line":13,"column":0},"end":{"line":13,"column":null}},"10":{"start":{"line":14,"column":0},"end":{"line":14,"column":null}},"11":{"start":{"line":20,"column":0},"end":{"line":20,"column":null}},"12":{"start":{"line":23,"column":0},"end":{"line":23,"column":null}},"13":{"start":{"line":27,"column":0},"end":{"line":27,"column":null}},"14":{"start":{"line":31,"column":0},"end":{"line":31,"column":null}},"15":{"start":{"line":35,"column":0},"end":{"line":35,"column":null}},"16":{"start":{"line":46,"column":0},"end":{"line":46,"column":null}},"17":{"start":{"line":47,"column":0},"end":{"line":47,"column":null}},"18":{"start":{"line":48,"column":0},"end":{"line":48,"column":null}},"19":{"start":{"line":55,"column":0},"end":{"line":55,"column":null}},"20":{"start":{"line":57,"column":0},"end":{"line":57,"column":null}},"21":{"start":{"line":59,"column":0},"end":{"line":59,"column":null}},"22":{"start":{"line":63,"column":0},"end":{"line":63,"column":null}},"23":{"start":{"line":65,"column":0},"end":{"line":65,"column":null}},"24":{"start":{"line":66,"column":0},"end":{"line":66,"column":null}},"25":{"start":{"line":67,"column":0},"end":{"line":67,"column":null}},"26":{"start":{"line":71,"column":0},"end":{"line":71,"column":null}},"27":{"start":{"line":72,"column":0},"end":{"line":72,"column":null}},"28":{"start":{"line":73,"column":0},"end":{"line":73,"column":null}},"29":{"start":{"line":93,"column":22},"end":{"line":93,"column":null}},"30":{"start":{"line":87,"column":18},"end":{"line":87,"column":null}},"31":{"start":{"line":39,"column":0},"end":{"line":39,"column":null}},"32":{"start":{"line":42,"column":0},"end":{"line":42,"column":null}},"33":{"start":{"line":79,"column":0},"end":{"line":79,"column":null}}},"fnMap":{"0":{"name":"(anonymous_19)","decl":{"start":{"line":55,"column":0},"end":{"line":55,"column":null}},"loc":{"start":{"line":55,"column":0},"end":{"line":55,"column":null}}},"1":{"name":"(anonymous_21)","decl":{"start":{"line":93,"column":22},"end":{"line":93,"column":38}},"loc":{"start":{"line":93,"column":22},"end":{"line":93,"column":null}}},"2":{"name":"(anonymous_22)","decl":{"start":{"line":87,"column":18},"end":{"line":87,"column":32}},"loc":{"start":{"line":87,"column":18},"end":{"line":87,"column":null}}},"3":{"name":"(anonymous_27)","decl":{"start":{"line":79,"column":0},"end":{"line":79,"column":null}},"loc":{"start":{"line":79,"column":0},"end":{"line":79,"column":null}}}},"branchMap":{"0":{"loc":{"start":{"line":92,"column":26},"end":{"line":92,"column":67}},"type":"cond-expr","locations":[{"start":{"line":92,"column":39},"end":{"line":92,"column":49}},{"start":{"line":92,"column":52},"end":{"line":92,"column":67}}]},"1":{"loc":{"start":{"line":91,"column":27},"end":{"line":91,"column":null}},"type":"binary-expr","locations":[{"start":{"line":91,"column":27},"end":{"line":91,"column":31}},{"start":{"line":91,"column":27},"end":{"line":91,"column":null}}]},"2":{"loc":{"start":{"line":92,"column":26},"end":{"line":92,"column":null}},"type":"binary-expr","locations":[{"start":{"line":92,"column":26},"end":{"line":92,"column":36}},{"start":{"line":92,"column":26},"end":{"line":92,"column":null}}]},"3":{"loc":{"start":{"line":89,"column":7},"end":{"line":89,"column":null}},"type":"binary-expr","locations":[{"start":{"line":89,"column":7},"end":{"line":89,"column":16}},{"start":{"line":89,"column":16},"end":{"line":89,"column":null}}]},"4":{"loc":{"start":{"line":86,"column":15},"end":{"line":86,"column":47}},"type":"cond-expr","locations":[{"start":{"line":86,"column":31},"end":{"line":86,"column":42}},{"start":{"line":86,"column":45},"end":{"line":86,"column":47}}]},"5":{"loc":{"start":{"line":85,"column":22},"end":{"line":85,"column":null}},"type":"binary-expr","locations":[{"start":{"line":85,"column":22},"end":{"line":85,"column":26}},{"start":{"line":85,"column":22},"end":{"line":85,"column":null}}]},"6":{"loc":{"start":{"line":86,"column":15},"end":{"line":86,"column":null}},"type":"binary-expr","locations":[{"start":{"line":86,"column":15},"end":{"line":86,"column":28}},{"start":{"line":86,"column":15},"end":{"line":86,"column":null}}]},"7":{"loc":{"start":{"line":45,"column":0},"end":{"line":45,"column":null}},"type":"binary-expr","locations":[{"start":{"line":45,"column":0},"end":{"line":45,"column":null}},{"start":{"line":45,"column":0},"end":{"line":45,"column":null}}]},"8":{"loc":{"start":{"line":46,"column":0},"end":{"line":46,"column":null}},"type":"if","locations":[{"start":{"line":46,"column":0},"end":{"line":46,"column":null}}]},"9":{"loc":{"start":{"line":47,"column":0},"end":{"line":47,"column":null}},"type":"cond-expr","locations":[{"start":{"line":47,"column":0},"end":{"line":47,"column":null}},{"start":{"line":47,"column":0},"end":{"line":47,"column":null}}]},"10":{"loc":{"start":{"line":53,"column":0},"end":{"line":55,"column":null}},"type":"binary-expr","locations":[{"start":{"line":53,"column":0},"end":{"line":53,"column":null}},{"start":{"line":55,"column":0},"end":{"line":55,"column":null}}]},"11":{"loc":{"start":{"line":55,"column":0},"end":{"line":55,"column":null}},"type":"cond-expr","locations":[{"start":{"line":55,"column":0},"end":{"line":55,"column":null}},{"start":{"line":55,"column":0},"end":{"line":55,"column":null}}]},"12":{"loc":{"start":{"line":39,"column":0},"end":{"line":39,"column":null}},"type":"binary-expr","locations":[{"start":{"line":39,"column":0},"end":{"line":39,"column":null}},{"start":{"line":39,"column":0},"end":{"line":39,"column":null}}]},"13":{"loc":{"start":{"line":79,"column":0},"end":{"line":79,"column":null}},"type":"cond-expr","locations":[{"start":{"line":79,"column":0},"end":{"line":79,"column":null}},{"start":{"line":79,"column":0},"end":{"line":79,"column":null}}]}},"s":{"0":2,"1":2,"2":39,"3":39,"4":39,"5":110,"6":110,"7":110,"8":110,"9":110,"10":110,"11":110,"12":134,"13":193,"14":157,"15":186,"16":4,"17":4,"18":4,"19":11,"20":3,"21":2,"22":2,"23":1,"24":1,"25":1,"26":2,"27":2,"28":2,"29":115,"30":118,"31":256,"32":244,"33":278},"f":{"0":11,"1":5,"2":8,"3":20},"b":{"0":[5,41],"1":[8,0],"2":[8,7],"3":[110,35],"4":[4,112],"5":[20,0],"6":[20,6],"7":[10,15],"8":[0],"9":[0,4],"10":[8,8],"11":[19,20],"12":[372,164],"13":[255,158]}}
,"/Users/johan/projets/draughts/src/components/Grid.svelte": {"path":"/Users/johan/projets/draughts/src/components/Grid.svelte","statementMap":{"0":{"start":{"line":2,"column":0},"end":{"line":2,"column":null}},"1":{"start":{"line":4,"column":0},"end":{"line":4,"column":null}},"2":{"start":{"line":17,"column":47},"end":{"line":17,"column":null}},"3":{"start":{"line":17,"column":8},"end":{"line":19,"column":null}},"4":{"start":{"line":16,"column":13},"end":{"line":16,"column":null}},"5":{"start":{"line":16,"column":8},"end":{"line":16,"column":12}},"6":{"start":{"line":15,"column":4},"end":{"line":21,"column":null}},"7":{"start":{"line":14,"column":9},"end":{"line":14,"column":null}},"8":{"start":{"line":14,"column":4},"end":{"line":14,"column":8}},"9":{"start":{"line":13,"column":0},"end":{"line":23,"column":null}},"10":{"start":{"line":9,"column":0},"end":{"line":9,"column":null}}},"fnMap":{},"branchMap":{"0":{"loc":{"start":{"line":17,"column":47},"end":{"line":17,"column":null}},"type":"binary-expr","locations":[{"start":{"line":17,"column":47},"end":{"line":17,"column":50}},{"start":{"line":17,"column":47},"end":{"line":17,"column":50}},{"start":{"line":17,"column":47},"end":{"line":17,"column":null}}]}},"s":{"0":1,"1":1,"2":100,"3":100,"4":10,"5":10,"6":10,"7":1,"8":1,"9":1,"10":1},"f":{},"b":{"0":[0,0,0]}}
,"/Users/johan/projets/draughts/src/helpers/possibilities.ts": {"path":"/Users/johan/projets/draughts/src/helpers/possibilities.ts","statementMap":{"0":{"start":{"line":3,"column":32},"end":{"line":61,"column":1}},"1":{"start":{"line":8,"column":2},"end":{"line":8,"column":32}},"2":{"start":{"line":8,"column":22},"end":{"line":8,"column":32}},"3":{"start":{"line":10,"column":24},"end":{"line":10,"column":37}},"4":{"start":{"line":11,"column":22},"end":{"line":11,"column":38}},"5":{"start":{"line":12,"column":20},"end":{"line":12,"column":64}},"6":{"start":{"line":13,"column":24},"end":{"line":13,"column":79}},"7":{"start":{"line":14,"column":23},"end":{"line":14,"column":39}},"8":{"start":{"line":17,"column":4},"end":{"line":23,"column":10}},"9":{"start":{"line":25,"column":4},"end":{"line":31,"column":10}},"10":{"start":{"line":33,"column":15},"end":{"line":51,"column":3}},"11":{"start":{"line":37,"column":21},"end":{"line":37,"column":65}},"12":{"start":{"line":38,"column":20},"end":{"line":38,"column":63}},"13":{"start":{"line":39,"column":21},"end":{"line":39,"column":65}},"14":{"start":{"line":40,"column":20},"end":{"line":40,"column":63}},"15":{"start":{"line":41,"column":4},"end":{"line":49,"column":16}},"16":{"start":{"line":49,"column":6},"end":{"line":49,"column":16}},"17":{"start":{"line":50,"column":4},"end":{"line":50,"column":46}},"18":{"start":{"line":53,"column":2},"end":{"line":60,"column":4}},"19":{"start":{"line":3,"column":13},"end":{"line":3,"column":32}}},"fnMap":{"0":{"name":"(anonymous_0)","decl":{"start":{"line":3,"column":32},"end":{"line":3,"column":null}},"loc":{"start":{"line":7,"column":17},"end":{"line":61,"column":1}}},"1":{"name":"(anonymous_1)","decl":{"start":{"line":33,"column":15},"end":{"line":33,"column":null}},"loc":{"start":{"line":36,"column":6},"end":{"line":51,"column":3}}}},"branchMap":{"0":{"loc":{"start":{"line":6,"column":2},"end":{"line":6,"column":35}},"type":"default-arg","locations":[{"start":{"line":6,"column":30},"end":{"line":6,"column":35}}]},"1":{"loc":{"start":{"line":8,"column":2},"end":{"line":8,"column":32}},"type":"if","locations":[{"start":{"line":8,"column":2},"end":{"line":8,"column":32}}]},"2":{"loc":{"start":{"line":12,"column":20},"end":{"line":12,"column":64}},"type":"cond-expr","locations":[{"start":{"line":12,"column":58},"end":{"line":12,"column":59}},{"start":{"line":12,"column":62},"end":{"line":12,"column":64}}]},"3":{"loc":{"start":{"line":13,"column":24},"end":{"line":13,"column":79}},"type":"cond-expr","locations":[{"start":{"line":13,"column":62},"end":{"line":13,"column":69}},{"start":{"line":13,"column":72},"end":{"line":13,"column":79}}]},"4":{"loc":{"start":{"line":17,"column":4},"end":{"line":23,"column":10}},"type":"cond-expr","locations":[{"start":{"line":22,"column":8},"end":{"line":22,"column":46}},{"start":{"line":23,"column":8},"end":{"line":23,"column":10}}]},"5":{"loc":{"start":{"line":17,"column":4},"end":{"line":21,"column":39}},"type":"binary-expr","locations":[{"start":{"line":17,"column":4},"end":{"line":17,"column":21}},{"start":{"line":18,"column":4},"end":{"line":18,"column":23}},{"start":{"line":19,"column":4},"end":{"line":19,"column":23}},{"start":{"line":20,"column":4},"end":{"line":20,"column":11}},{"start":{"line":21,"column":4},"end":{"line":21,"column":39}}]},"6":{"loc":{"start":{"line":25,"column":4},"end":{"line":31,"column":10}},"type":"cond-expr","locations":[{"start":{"line":30,"column":8},"end":{"line":30,"column":46}},{"start":{"line":31,"column":8},"end":{"line":31,"column":10}}]},"7":{"loc":{"start":{"line":25,"column":4},"end":{"line":29,"column":39}},"type":"binary-expr","locations":[{"start":{"line":25,"column":4},"end":{"line":25,"column":21}},{"start":{"line":26,"column":4},"end":{"line":26,"column":23}},{"start":{"line":27,"column":4},"end":{"line":27,"column":23}},{"start":{"line":28,"column":4},"end":{"line":28,"column":11}},{"start":{"line":29,"column":4},"end":{"line":29,"column":39}}]},"8":{"loc":{"start":{"line":37,"column":21},"end":{"line":37,"column":65}},"type":"cond-expr","locations":[{"start":{"line":37,"column":46},"end":{"line":37,"column":54}},{"start":{"line":37,"column":57},"end":{"line":37,"column":65}}]},"9":{"loc":{"start":{"line":38,"column":20},"end":{"line":38,"column":63}},"type":"cond-expr","locations":[{"start":{"line":38,"column":46},"end":{"line":38,"column":53}},{"start":{"line":38,"column":56},"end":{"line":38,"column":63}}]},"10":{"loc":{"start":{"line":39,"column":21},"end":{"line":39,"column":65}},"type":"cond-expr","locations":[{"start":{"line":39,"column":46},"end":{"line":39,"column":54}},{"start":{"line":39,"column":57},"end":{"line":39,"column":65}}]},"11":{"loc":{"start":{"line":40,"column":20},"end":{"line":40,"column":63}},"type":"cond-expr","locations":[{"start":{"line":40,"column":46},"end":{"line":40,"column":53}},{"start":{"line":40,"column":56},"end":{"line":40,"column":63}}]},"12":{"loc":{"start":{"line":41,"column":4},"end":{"line":49,"column":16}},"type":"if","locations":[{"start":{"line":41,"column":4},"end":{"line":49,"column":16}}]},"13":{"loc":{"start":{"line":42,"column":6},"end":{"line":47,"column":36}},"type":"binary-expr","locations":[{"start":{"line":42,"column":7},"end":{"line":42,"column":30}},{"start":{"line":42,"column":34},"end":{"line":42,"column":41}},{"start":{"line":43,"column":7},"end":{"line":43,"column":31}},{"start":{"line":43,"column":35},"end":{"line":43,"column":42}},{"start":{"line":44,"column":7},"end":{"line":44,"column":29}},{"start":{"line":44,"column":33},"end":{"line":44,"column":41}},{"start":{"line":45,"column":7},"end":{"line":45,"column":31}},{"start":{"line":45,"column":35},"end":{"line":45,"column":43}},{"start":{"line":46,"column":6},"end":{"line":46,"column":62}},{"start":{"line":47,"column":6},"end":{"line":47,"column":36}}]},"14":{"loc":{"start":{"line":46,"column":6},"end":{"line":46,"column":44}},"type":"cond-expr","locations":[{"start":{"line":46,"column":37},"end":{"line":46,"column":39}},{"start":{"line":46,"column":37},"end":{"line":46,"column":44}}]},"15":{"loc":{"start":{"line":46,"column":6},"end":{"line":46,"column":39}},"type":"binary-expr","locations":[{"start":{"line":46,"column":6},"end":{"line":46,"column":39}},{"start":{"line":46,"column":37},"end":{"line":46,"column":39}}]},"16":{"loc":{"start":{"line":46,"column":6},"end":{"line":46,"column":37}},"type":"cond-expr","locations":[{"start":{"line":46,"column":30},"end":{"line":46,"column":32}},{"start":{"line":46,"column":30},"end":{"line":46,"column":37}}]},"17":{"loc":{"start":{"line":46,"column":6},"end":{"line":46,"column":32}},"type":"binary-expr","locations":[{"start":{"line":46,"column":6},"end":{"line":46,"column":32}},{"start":{"line":46,"column":30},"end":{"line":46,"column":32}}]}},"s":{"0":2,"1":6,"2":0,"3":6,"4":6,"5":6,"6":6,"7":6,"8":6,"9":6,"10":6,"11":24,"12":24,"13":24,"14":24,"15":24,"16":22,"17":2,"18":6,"19":2},"f":{"0":6,"1":24},"b":{"0":[4],"1":[0],"2":[0,6],"3":[0,6],"4":[3,3],"5":[6,4,4,4,4],"6":[2,4],"7":[6,4,4,4,4],"8":[12,12],"9":[12,12],"10":[12,12],"11":[12,12],"12":[22],"13":[24,12,20,12,20,10,20,10,18,3],"14":[9,9],"15":[18,18],"16":[0,18],"17":[18,18]}}
,"/Users/johan/projets/draughts/src/helpers/utils.ts": {"path":"/Users/johan/projets/draughts/src/helpers/utils.ts","statementMap":{"0":{"start":{"line":1,"column":23},"end":{"line":1,"column":63}},"1":{"start":{"line":1,"column":46},"end":{"line":1,"column":62}},"2":{"start":{"line":1,"column":13},"end":{"line":1,"column":23}}},"fnMap":{"0":{"name":"(anonymous_0)","decl":{"start":{"line":1,"column":23},"end":{"line":1,"column":24}},"loc":{"start":{"line":1,"column":46},"end":{"line":1,"column":62}}}},"branchMap":{"0":{"loc":{"start":{"line":1,"column":46},"end":{"line":1,"column":62}},"type":"cond-expr","locations":[{"start":{"line":1,"column":56},"end":{"line":1,"column":57}},{"start":{"line":1,"column":60},"end":{"line":1,"column":62}}]}},"s":{"0":3,"1":176,"2":3},"f":{"0":176},"b":{"0":[0,176]}}
}
