TN:
SF:src/stores.ts
FN:5,(anonymous_0)
FN:8,(anonymous_1)
FN:9,(anonymous_2)
FN:27,(anonymous_3)
FN:28,(anonymous_4)
FN:29,(anonymous_5)
FN:45,(anonymous_6)
FN:47,(anonymous_7)
FN:48,(anonymous_8)
FN:49,(anonymous_9)
FN:52,(anonymous_10)
FN:54,(anonymous_11)
FN:58,(anonymous_12)
FN:65,(anonymous_13)
FN:66,(anonymous_14)
FN:67,(anonymous_15)
FN:69,(anonymous_16)
FNF:17
FNH:17
FNDA:3,(anonymous_0)
FNDA:4,(anonymous_1)
FNDA:4,(anonymous_2)
FNDA:16,(anonymous_3)
FNDA:160,(anonymous_4)
FNDA:1600,(anonymous_5)
FNDA:3,(anonymous_6)
FNDA:13,(anonymous_7)
FNDA:6,(anonymous_8)
FNDA:6,(anonymous_9)
FNDA:60,(anonymous_10)
FNDA:60,(anonymous_11)
FNDA:60,(anonymous_12)
FNDA:4,(anonymous_13)
FNDA:4,(anonymous_14)
FNDA:40,(anonymous_15)
FNDA:40,(anonymous_16)
DA:1,3
DA:2,3
DA:5,3
DA:7,3
DA:8,3
DA:9,4
DA:11,3
DA:19,3
DA:21,3
DA:24,3
DA:27,3
DA:28,16
DA:29,160
DA:30,1600
DA:31,800
DA:32,240
DA:36,560
DA:37,240
DA:41,320
DA:45,3
DA:46,3
DA:47,13
DA:48,3
DA:49,6
DA:50,6
DA:52,6
DA:53,60
DA:54,6
DA:55,60
DA:57,54
DA:58,6
DA:59,60
DA:61,48
DA:65,3
DA:66,4
DA:67,4
DA:68,40
DA:70,40
DA:76,3
DA:86,3
LF:40
LH:40
BRDA:9,0,0,1
BRDA:9,0,1,3
BRDA:30,1,0,800
BRDA:31,2,0,240
BRDA:36,3,0,240
BRDA:53,4,0,6
BRDA:55,5,0,6
BRDA:55,5,1,54
BRDA:57,6,0,6
BRDA:59,7,0,6
BRDA:59,7,1,54
BRDA:68,8,0,4
BRDA:68,8,1,36
BRDA:70,9,0,4
BRDA:70,9,1,36
BRF:15
BRH:15
end_of_record
TN:
SF:src/components/Box.svelte
FN:55,(anonymous_19)
FN:93,(anonymous_21)
FN:87,(anonymous_22)
FN:79,(anonymous_27)
FNF:4
FNH:4
FNDA:11,(anonymous_19)
FNDA:5,(anonymous_21)
FNDA:8,(anonymous_22)
FNDA:20,(anonymous_27)
DA:2,2
DA:4,2
DA:13,110
DA:14,110
DA:20,110
DA:23,134
DA:27,193
DA:31,157
DA:35,186
DA:39,256
DA:42,244
DA:46,4
DA:47,4
DA:48,4
DA:55,11
DA:57,3
DA:59,2
DA:63,2
DA:65,1
DA:66,1
DA:67,1
DA:71,2
DA:72,2
DA:73,2
DA:79,278
DA:84,110
DA:85,110
DA:86,110
DA:87,118
DA:89,110
DA:90,39
DA:91,39
DA:92,39
DA:93,115
LF:34
LH:34
BRDA:92,0,0,5
BRDA:92,0,1,41
BRDA:91,1,0,8
BRDA:91,1,1,0
BRDA:92,2,0,8
BRDA:92,2,1,7
BRDA:89,3,0,110
BRDA:89,3,1,35
BRDA:86,4,0,4
BRDA:86,4,1,112
BRDA:85,5,0,20
BRDA:85,5,1,0
BRDA:86,6,0,20
BRDA:86,6,1,6
BRDA:45,7,0,10
BRDA:45,7,1,15
BRDA:46,8,0,0
BRDA:47,9,0,0
BRDA:47,9,1,4
BRDA:53,10,0,8
BRDA:53,10,1,8
BRDA:55,11,0,19
BRDA:55,11,1,20
BRDA:39,12,0,372
BRDA:39,12,1,164
BRDA:79,13,0,255
BRDA:79,13,1,158
BRF:27
BRH:23
end_of_record
TN:
SF:src/components/Grid.svelte
FNF:0
FNH:0
DA:2,1
DA:4,1
DA:9,1
DA:13,1
DA:14,1
DA:15,10
DA:16,10
DA:17,100
LF:8
LH:8
BRDA:17,0,0,0
BRDA:17,0,1,0
BRDA:17,0,2,0
BRF:3
BRH:0
end_of_record
TN:
SF:src/helpers/possibilities.ts
FN:3,(anonymous_0)
FN:33,(anonymous_1)
FNF:2
FNH:2
FNDA:6,(anonymous_0)
FNDA:24,(anonymous_1)
DA:3,2
DA:8,6
DA:10,6
DA:11,6
DA:12,6
DA:13,6
DA:14,6
DA:17,6
DA:25,6
DA:33,6
DA:37,24
DA:38,24
DA:39,24
DA:40,24
DA:41,24
DA:49,22
DA:50,2
DA:53,6
LF:18
LH:18
BRDA:6,0,0,4
BRDA:8,1,0,0
BRDA:12,2,0,0
BRDA:12,2,1,6
BRDA:13,3,0,0
BRDA:13,3,1,6
BRDA:17,4,0,3
BRDA:17,4,1,3
BRDA:17,5,0,6
BRDA:17,5,1,4
BRDA:17,5,2,4
BRDA:17,5,3,4
BRDA:17,5,4,4
BRDA:25,6,0,2
BRDA:25,6,1,4
BRDA:25,7,0,6
BRDA:25,7,1,4
BRDA:25,7,2,4
BRDA:25,7,3,4
BRDA:25,7,4,4
BRDA:37,8,0,12
BRDA:37,8,1,12
BRDA:38,9,0,12
BRDA:38,9,1,12
BRDA:39,10,0,12
BRDA:39,10,1,12
BRDA:40,11,0,12
BRDA:40,11,1,12
BRDA:41,12,0,22
BRDA:42,13,0,24
BRDA:42,13,1,12
BRDA:42,13,2,20
BRDA:42,13,3,12
BRDA:42,13,4,20
BRDA:42,13,5,10
BRDA:42,13,6,20
BRDA:42,13,7,10
BRDA:42,13,8,18
BRDA:42,13,9,3
BRDA:46,14,0,9
BRDA:46,14,1,9
BRDA:46,15,0,18
BRDA:46,15,1,18
BRDA:46,16,0,0
BRDA:46,16,1,18
BRDA:46,17,0,18
BRDA:46,17,1,18
BRF:47
BRH:43
end_of_record
TN:
SF:src/helpers/utils.ts
FN:1,(anonymous_0)
FNF:1
FNH:1
FNDA:176,(anonymous_0)
DA:1,176
LF:1
LH:1
BRDA:1,0,0,0
BRDA:1,0,1,176
BRF:2
BRH:1
end_of_record
