TN:
SF:src/stores.ts
FN:5,(anonymous_0)
FN:8,(anonymous_1)
FN:9,(anonymous_2)
FN:27,(anonymous_3)
FN:28,(anonymous_4)
FN:29,(anonymous_5)
FN:45,(anonymous_6)
FN:47,(anonymous_7)
FN:48,(anonymous_8)
FN:49,(anonymous_9)
FN:52,(anonymous_10)
FN:54,(anonymous_11)
FN:58,(anonymous_12)
FN:65,(anonymous_13)
FN:66,(anonymous_14)
FN:67,(anonymous_15)
FN:69,(anonymous_16)
FNF:17
FNH:17
FNDA:4,(anonymous_0)
FNDA:4,(anonymous_1)
FNDA:4,(anonymous_2)
FNDA:17,(anonymous_3)
FNDA:170,(anonymous_4)
FNDA:1700,(anonymous_5)
FNDA:4,(anonymous_6)
FNDA:13,(anonymous_7)
FNDA:10,(anonymous_8)
FNDA:10,(anonymous_9)
FNDA:100,(anonymous_10)
FNDA:100,(anonymous_11)
FNDA:100,(anonymous_12)
FNDA:4,(anonymous_13)
FNDA:4,(anonymous_14)
FNDA:40,(anonymous_15)
FNDA:40,(anonymous_16)
DA:1,4
DA:2,4
DA:5,4
DA:7,4
DA:8,4
DA:9,4
DA:11,4
DA:19,4
DA:21,4
DA:24,4
DA:27,4
DA:28,17
DA:29,170
DA:30,1700
DA:31,850
DA:32,255
DA:36,595
DA:37,255
DA:41,340
DA:45,4
DA:46,4
DA:47,13
DA:48,4
DA:49,10
DA:50,10
DA:52,10
DA:53,100
DA:54,10
DA:55,100
DA:57,90
DA:58,10
DA:59,100
DA:61,80
DA:65,4
DA:66,4
DA:67,4
DA:68,40
DA:70,40
DA:76,4
DA:86,4
LF:40
LH:40
BRDA:9,0,0,1
BRDA:9,0,1,3
BRDA:30,1,0,850
BRDA:31,2,0,255
BRDA:36,3,0,255
BRDA:53,4,0,10
BRDA:55,5,0,10
BRDA:55,5,1,90
BRDA:57,6,0,10
BRDA:59,7,0,10
BRDA:59,7,1,90
BRDA:68,8,0,4
BRDA:68,8,1,36
BRDA:70,9,0,4
BRDA:70,9,1,36
BRF:15
BRH:15
end_of_record
TN:
SF:src/components/Box.svelte
FN:55,(anonymous_19)
FN:93,(anonymous_21)
FN:87,(anonymous_22)
FN:79,(anonymous_27)
FNF:4
FNH:4
FNDA:11,(anonymous_19)
FNDA:5,(anonymous_21)
FNDA:8,(anonymous_22)
FNDA:20,(anonymous_27)
DA:2,2
DA:4,2
DA:13,110
DA:14,110
DA:20,110
DA:23,134
DA:27,193
DA:31,157
DA:35,186
DA:39,256
DA:42,244
DA:46,4
DA:47,4
DA:48,4
DA:55,11
DA:57,3
DA:59,2
DA:63,2
DA:65,1
DA:66,1
DA:67,1
DA:71,2
DA:72,2
DA:73,2
DA:79,278
DA:84,110
DA:85,110
DA:86,110
DA:87,118
DA:89,110
DA:90,39
DA:91,39
DA:92,39
DA:93,115
LF:34
LH:34
BRDA:92,0,0,5
BRDA:92,0,1,41
BRDA:91,1,0,8
BRDA:91,1,1,0
BRDA:92,2,0,8
BRDA:92,2,1,7
BRDA:89,3,0,110
BRDA:89,3,1,35
BRDA:86,4,0,4
BRDA:86,4,1,112
BRDA:85,5,0,20
BRDA:85,5,1,0
BRDA:86,6,0,20
BRDA:86,6,1,6
BRDA:45,7,0,10
BRDA:45,7,1,15
BRDA:46,8,0,0
BRDA:47,9,0,0
BRDA:47,9,1,4
BRDA:53,10,0,8
BRDA:53,10,1,8
BRDA:55,11,0,19
BRDA:55,11,1,20
BRDA:39,12,0,372
BRDA:39,12,1,164
BRDA:79,13,0,255
BRDA:79,13,1,158
BRF:27
BRH:23
end_of_record
TN:
SF:src/components/Grid.svelte
FNF:0
FNH:0
DA:2,1
DA:4,1
DA:9,1
DA:13,1
DA:14,1
DA:15,10
DA:16,10
DA:17,100
LF:8
LH:8
BRDA:17,0,0,0
BRDA:17,0,1,0
BRDA:17,0,2,0
BRF:3
BRH:0
end_of_record
TN:
SF:src/helpers/possibilities.ts
FN:3,(anonymous_0)
FN:35,(anonymous_1)
FNF:2
FNH:2
FNDA:15,(anonymous_0)
FNDA:60,(anonymous_1)
DA:3,3
DA:8,15
DA:10,15
DA:11,15
DA:12,15
DA:14,15
DA:15,15
DA:16,15
DA:19,15
DA:27,15
DA:35,15
DA:39,60
DA:40,60
DA:41,60
DA:42,60
DA:43,60
DA:51,56
DA:52,4
DA:55,15
LF:19
LH:19
BRDA:6,0,0,13
BRDA:8,1,0,0
BRDA:12,2,0,0
BRDA:14,3,0,5
BRDA:14,3,1,10
BRDA:15,4,0,5
BRDA:15,4,1,10
BRDA:19,5,0,5
BRDA:19,5,1,10
BRDA:19,6,0,15
BRDA:19,6,1,13
BRDA:19,6,2,13
BRDA:19,6,3,13
BRDA:19,6,4,11
BRDA:27,7,0,7
BRDA:27,7,1,8
BRDA:27,8,0,15
BRDA:27,8,1,13
BRDA:27,8,2,13
BRDA:27,8,3,13
BRDA:27,8,4,13
BRDA:39,9,0,30
BRDA:39,9,1,30
BRDA:40,10,0,30
BRDA:40,10,1,30
BRDA:41,11,0,30
BRDA:41,11,1,30
BRDA:42,12,0,30
BRDA:42,12,1,30
BRDA:43,13,0,56
BRDA:44,14,0,60
BRDA:44,14,1,30
BRDA:44,14,2,46
BRDA:44,14,3,30
BRDA:44,14,4,44
BRDA:44,14,5,22
BRDA:44,14,6,43
BRDA:44,14,7,22
BRDA:44,14,8,41
BRDA:44,14,9,8
BRDA:48,15,0,18
BRDA:48,15,1,23
BRDA:48,16,0,41
BRDA:48,16,1,41
BRDA:48,17,0,0
BRDA:48,17,1,41
BRDA:48,18,0,41
BRDA:48,18,1,41
BRF:48
BRH:45
end_of_record
TN:
SF:src/helpers/utils.ts
FN:1,(anonymous_0)
FNF:1
FNH:1
FNDA:187,(anonymous_0)
DA:1,187
LF:1
LH:1
BRDA:1,0,0,0
BRDA:1,0,1,187
BRF:2
BRH:1
end_of_record
